WARNING:absl:No GPU/TPU found, falling back to CPU. (Set TF_CPP_MIN_LOG_LEVEL=0 and rerun for more info.)
seed = 1
Starting iterative solver...
Converged trace is  (0.9999999999998374+8.048727131850246e-16j)
No output specified (out=[apath|nk.logging.JsonLogger(...)]).Running the optimization but not saving the output.
No output specified (out=[apath|nk.logging.JsonLogger(...)]).Running the optimization but not saving the output.
No output specified (out=[apath|nk.logging.JsonLogger(...)]).Running the optimization but not saving the output.
No output specified (out=[apath|nk.logging.JsonLogger(...)]).Running the optimization but not saving the output.
No output specified (out=[apath|nk.logging.JsonLogger(...)]).Running the optimization but not saving the output.
No output specified (out=[apath|nk.logging.JsonLogger(...)]).Running the optimization but not saving the output.
No output specified (out=[apath|nk.logging.JsonLogger(...)]).Running the optimization but not saving the output.
No output specified (out=[apath|nk.logging.JsonLogger(...)]).Running the optimization but not saving the output.
No output specified (out=[apath|nk.logging.JsonLogger(...)]).Running the optimization but not saving the output.
No output specified (out=[apath|nk.logging.JsonLogger(...)]).Running the optimization but not saving the output.
No output specified (out=[apath|nk.logging.JsonLogger(...)]).Running the optimization but not saving the output.
No output specified (out=[apath|nk.logging.JsonLogger(...)]).Running the optimization but not saving the output.
No output specified (out=[apath|nk.logging.JsonLogger(...)]).Running the optimization but not saving the output.
No output specified (out=[apath|nk.logging.JsonLogger(...)]).Running the optimization but not saving the output.
No output specified (out=[apath|nk.logging.JsonLogger(...)]).Running the optimization but not saving the output.
No output specified (out=[apath|nk.logging.JsonLogger(...)]).Running the optimization but not saving the output.
No output specified (out=[apath|nk.logging.JsonLogger(...)]).Running the optimization but not saving the output.
No output specified (out=[apath|nk.logging.JsonLogger(...)]).Running the optimization but not saving the output.
No output specified (out=[apath|nk.logging.JsonLogger(...)]).Running the optimization but not saving the output.
No output specified (out=[apath|nk.logging.JsonLogger(...)]).Running the optimization but not saving the output.
No output specified (out=[apath|nk.logging.JsonLogger(...)]).Running the optimization but not saving the output.
No output specified (out=[apath|nk.logging.JsonLogger(...)]).Running the optimization but not saving the output.
No output specified (out=[apath|nk.logging.JsonLogger(...)]).Running the optimization but not saving the output.
No output specified (out=[apath|nk.logging.JsonLogger(...)]).Running the optimization but not saving the output.
No output specified (out=[apath|nk.logging.JsonLogger(...)]).Running the optimization but not saving the output.
No output specified (out=[apath|nk.logging.JsonLogger(...)]).Running the optimization but not saving the output.
No output specified (out=[apath|nk.logging.JsonLogger(...)]).Running the optimization but not saving the output.
No output specified (out=[apath|nk.logging.JsonLogger(...)]).Running the optimization but not saving the output.
No output specified (out=[apath|nk.logging.JsonLogger(...)]).Running the optimization but not saving the output.
No output specified (out=[apath|nk.logging.JsonLogger(...)]).Running the optimization but not saving the output.
No output specified (out=[apath|nk.logging.JsonLogger(...)]).Running the optimization but not saving the output.
No output specified (out=[apath|nk.logging.JsonLogger(...)]).Running the optimization but not saving the output.
No output specified (out=[apath|nk.logging.JsonLogger(...)]).Running the optimization but not saving the output.
No output specified (out=[apath|nk.logging.JsonLogger(...)]).Running the optimization but not saving the output.
No output specified (out=[apath|nk.logging.JsonLogger(...)]).Running the optimization but not saving the output.
No output specified (out=[apath|nk.logging.JsonLogger(...)]).Running the optimization but not saving the output.
No output specified (out=[apath|nk.logging.JsonLogger(...)]).Running the optimization but not saving the output.
No output specified (out=[apath|nk.logging.JsonLogger(...)]).Running the optimization but not saving the output.
No output specified (out=[apath|nk.logging.JsonLogger(...)]).Running the optimization but not saving the output.
No output specified (out=[apath|nk.logging.JsonLogger(...)]).Running the optimization but not saving the output.
No output specified (out=[apath|nk.logging.JsonLogger(...)]).Running the optimization but not saving the output.
No output specified (out=[apath|nk.logging.JsonLogger(...)]).Running the optimization but not saving the output.
No output specified (out=[apath|nk.logging.JsonLogger(...)]).Running the optimization but not saving the output.
No output specified (out=[apath|nk.logging.JsonLogger(...)]).Running the optimization but not saving the output.
No output specified (out=[apath|nk.logging.JsonLogger(...)]).Running the optimization but not saving the output.
No output specified (out=[apath|nk.logging.JsonLogger(...)]).Running the optimization but not saving the output.
No output specified (out=[apath|nk.logging.JsonLogger(...)]).Running the optimization but not saving the output.
No output specified (out=[apath|nk.logging.JsonLogger(...)]).Running the optimization but not saving the output.
No output specified (out=[apath|nk.logging.JsonLogger(...)]).Running the optimization but not saving the output.
No output specified (out=[apath|nk.logging.JsonLogger(...)]).Running the optimization but not saving the output.
No output specified (out=[apath|nk.logging.JsonLogger(...)]).Running the optimization but not saving the output.
No output specified (out=[apath|nk.logging.JsonLogger(...)]).Running the optimization but not saving the output.
No output specified (out=[apath|nk.logging.JsonLogger(...)]).Running the optimization but not saving the output.
No output specified (out=[apath|nk.logging.JsonLogger(...)]).Running the optimization but not saving the output.
No output specified (out=[apath|nk.logging.JsonLogger(...)]).Running the optimization but not saving the output.
No output specified (out=[apath|nk.logging.JsonLogger(...)]).Running the optimization but not saving the output.
No output specified (out=[apath|nk.logging.JsonLogger(...)]).Running the optimization but not saving the output.
No output specified (out=[apath|nk.logging.JsonLogger(...)]).Running the optimization but not saving the output.
No output specified (out=[apath|nk.logging.JsonLogger(...)]).Running the optimization but not saving the output.
No output specified (out=[apath|nk.logging.JsonLogger(...)]).Running the optimization but not saving the output.
No output specified (out=[apath|nk.logging.JsonLogger(...)]).Running the optimization but not saving the output.
No output specified (out=[apath|nk.logging.JsonLogger(...)]).Running the optimization but not saving the output.
No output specified (out=[apath|nk.logging.JsonLogger(...)]).Running the optimization but not saving the output.
No output specified (out=[apath|nk.logging.JsonLogger(...)]).Running the optimization but not saving the output.
No output specified (out=[apath|nk.logging.JsonLogger(...)]).Running the optimization but not saving the output.
No output specified (out=[apath|nk.logging.JsonLogger(...)]).Running the optimization but not saving the output.
No output specified (out=[apath|nk.logging.JsonLogger(...)]).Running the optimization but not saving the output.
No output specified (out=[apath|nk.logging.JsonLogger(...)]).Running the optimization but not saving the output.
No output specified (out=[apath|nk.logging.JsonLogger(...)]).Running the optimization but not saving the output.
No output specified (out=[apath|nk.logging.JsonLogger(...)]).Running the optimization but not saving the output.
No output specified (out=[apath|nk.logging.JsonLogger(...)]).Running the optimization but not saving the output.
No output specified (out=[apath|nk.logging.JsonLogger(...)]).Running the optimization but not saving the output.
No output specified (out=[apath|nk.logging.JsonLogger(...)]).Running the optimization but not saving the output.
No output specified (out=[apath|nk.logging.JsonLogger(...)]).Running the optimization but not saving the output.
No output specified (out=[apath|nk.logging.JsonLogger(...)]).Running the optimization but not saving the output.
No output specified (out=[apath|nk.logging.JsonLogger(...)]).Running the optimization but not saving the output.
No output specified (out=[apath|nk.logging.JsonLogger(...)]).Running the optimization but not saving the output.
No output specified (out=[apath|nk.logging.JsonLogger(...)]).Running the optimization but not saving the output.
No output specified (out=[apath|nk.logging.JsonLogger(...)]).Running the optimization but not saving the output.
No output specified (out=[apath|nk.logging.JsonLogger(...)]).Running the optimization but not saving the output.
No output specified (out=[apath|nk.logging.JsonLogger(...)]).Running the optimization but not saving the output.
No output specified (out=[apath|nk.logging.JsonLogger(...)]).Running the optimization but not saving the output.
No output specified (out=[apath|nk.logging.JsonLogger(...)]).Running the optimization but not saving the output.
No output specified (out=[apath|nk.logging.JsonLogger(...)]).Running the optimization but not saving the output.
No output specified (out=[apath|nk.logging.JsonLogger(...)]).Running the optimization but not saving the output.
No output specified (out=[apath|nk.logging.JsonLogger(...)]).Running the optimization but not saving the output.
No output specified (out=[apath|nk.logging.JsonLogger(...)]).Running the optimization but not saving the output.
No output specified (out=[apath|nk.logging.JsonLogger(...)]).Running the optimization but not saving the output.
No output specified (out=[apath|nk.logging.JsonLogger(...)]).Running the optimization but not saving the output.
No output specified (out=[apath|nk.logging.JsonLogger(...)]).Running the optimization but not saving the output.
No output specified (out=[apath|nk.logging.JsonLogger(...)]).Running the optimization but not saving the output.
No output specified (out=[apath|nk.logging.JsonLogger(...)]).Running the optimization but not saving the output.
No output specified (out=[apath|nk.logging.JsonLogger(...)]).Running the optimization but not saving the output.
No output specified (out=[apath|nk.logging.JsonLogger(...)]).Running the optimization but not saving the output.
No output specified (out=[apath|nk.logging.JsonLogger(...)]).Running the optimization but not saving the output.
No output specified (out=[apath|nk.logging.JsonLogger(...)]).Running the optimization but not saving the output.
No output specified (out=[apath|nk.logging.JsonLogger(...)]).Running the optimization but not saving the output.
No output specified (out=[apath|nk.logging.JsonLogger(...)]).Running the optimization but not saving the output.
No output specified (out=[apath|nk.logging.JsonLogger(...)]).Running the optimization but not saving the output.
No output specified (out=[apath|nk.logging.JsonLogger(...)]).Running the optimization but not saving the output.
No output specified (out=[apath|nk.logging.JsonLogger(...)]).Running the optimization but not saving the output.
No output specified (out=[apath|nk.logging.JsonLogger(...)]).Running the optimization but not saving the output.
No output specified (out=[apath|nk.logging.JsonLogger(...)]).Running the optimization but not saving the output.
No output specified (out=[apath|nk.logging.JsonLogger(...)]).Running the optimization but not saving the output.
No output specified (out=[apath|nk.logging.JsonLogger(...)]).Running the optimization but not saving the output.
No output specified (out=[apath|nk.logging.JsonLogger(...)]).Running the optimization but not saving the output.
No output specified (out=[apath|nk.logging.JsonLogger(...)]).Running the optimization but not saving the output.
No output specified (out=[apath|nk.logging.JsonLogger(...)]).Running the optimization but not saving the output.
No output specified (out=[apath|nk.logging.JsonLogger(...)]).Running the optimization but not saving the output.
No output specified (out=[apath|nk.logging.JsonLogger(...)]).Running the optimization but not saving the output.
No output specified (out=[apath|nk.logging.JsonLogger(...)]).Running the optimization but not saving the output.
No output specified (out=[apath|nk.logging.JsonLogger(...)]).Running the optimization but not saving the output.
No output specified (out=[apath|nk.logging.JsonLogger(...)]).Running the optimization but not saving the output.
No output specified (out=[apath|nk.logging.JsonLogger(...)]).Running the optimization but not saving the output.
No output specified (out=[apath|nk.logging.JsonLogger(...)]).Running the optimization but not saving the output.
No output specified (out=[apath|nk.logging.JsonLogger(...)]).Running the optimization but not saving the output.
No output specified (out=[apath|nk.logging.JsonLogger(...)]).Running the optimization but not saving the output.
No output specified (out=[apath|nk.logging.JsonLogger(...)]).Running the optimization but not saving the output.
No output specified (out=[apath|nk.logging.JsonLogger(...)]).Running the optimization but not saving the output.
No output specified (out=[apath|nk.logging.JsonLogger(...)]).Running the optimization but not saving the output.
No output specified (out=[apath|nk.logging.JsonLogger(...)]).Running the optimization but not saving the output.
No output specified (out=[apath|nk.logging.JsonLogger(...)]).Running the optimization but not saving the output.
No output specified (out=[apath|nk.logging.JsonLogger(...)]).Running the optimization but not saving the output.
No output specified (out=[apath|nk.logging.JsonLogger(...)]).Running the optimization but not saving the output.
No output specified (out=[apath|nk.logging.JsonLogger(...)]).Running the optimization but not saving the output.
No output specified (out=[apath|nk.logging.JsonLogger(...)]).Running the optimization but not saving the output.
No output specified (out=[apath|nk.logging.JsonLogger(...)]).Running the optimization but not saving the output.
No output specified (out=[apath|nk.logging.JsonLogger(...)]).Running the optimization but not saving the output.
No output specified (out=[apath|nk.logging.JsonLogger(...)]).Running the optimization but not saving the output.
No output specified (out=[apath|nk.logging.JsonLogger(...)]).Running the optimization but not saving the output.
No output specified (out=[apath|nk.logging.JsonLogger(...)]).Running the optimization but not saving the output.
No output specified (out=[apath|nk.logging.JsonLogger(...)]).Running the optimization but not saving the output.
No output specified (out=[apath|nk.logging.JsonLogger(...)]).Running the optimization but not saving the output.
No output specified (out=[apath|nk.logging.JsonLogger(...)]).Running the optimization but not saving the output.
No output specified (out=[apath|nk.logging.JsonLogger(...)]).Running the optimization but not saving the output.
No output specified (out=[apath|nk.logging.JsonLogger(...)]).Running the optimization but not saving the output.
No output specified (out=[apath|nk.logging.JsonLogger(...)]).Running the optimization but not saving the output.
No output specified (out=[apath|nk.logging.JsonLogger(...)]).Running the optimization but not saving the output.
No output specified (out=[apath|nk.logging.JsonLogger(...)]).Running the optimization but not saving the output.
No output specified (out=[apath|nk.logging.JsonLogger(...)]).Running the optimization but not saving the output.
No output specified (out=[apath|nk.logging.JsonLogger(...)]).Running the optimization but not saving the output.
No output specified (out=[apath|nk.logging.JsonLogger(...)]).Running the optimization but not saving the output.
No output specified (out=[apath|nk.logging.JsonLogger(...)]).Running the optimization but not saving the output.
No output specified (out=[apath|nk.logging.JsonLogger(...)]).Running the optimization but not saving the output.
